<?xml version="1.0" encoding="UTF-8" standalone="no"?>
<!DOCTYPE log SYSTEM "logger.dtd">
<log>
<record>
  <date>2026-02-11T08:16:36.765-0300</date>
  <logger>ANTONIO FARIAS LOPES NETO</logger>
  <level>FINE</level>
  <message>File 124211085-ANTONIO FARIAS LOPES NETO.zip was received. It was sent by ANTONIO FARIAS LOPES NETO from IP 150.165.42.128 at 11-02-2026 08*16*36</message>
</record>
</log>
<?xml version="1.0" encoding="UTF-8" standalone="no"?>
<!DOCTYPE log SYSTEM "logger.dtd">
<log>
<record>
  <date>2026-02-11T09:27:01.620-0300</date>
  <logger>ANTONIO FARIAS LOPES NETO</logger>
  <level>FINE</level>
  <message>File 124211085-ANTONIO FARIAS LOPES NETO.zip was received. It was sent by ANTONIO FARIAS LOPES NETO from IP 150.165.42.128 at 11-02-2026 09*27*00</message>
</record>
</log>
<?xml version="1.0" encoding="UTF-8" standalone="no"?>
<!DOCTYPE log SYSTEM "logger.dtd">
<log>
<record>
  <date>2026-02-12T20:45:49.768-0300</date>
  <logger>ANTONIO FARIAS LOPES NETO</logger>
  <level>FINE</level>
  <message>File 124211085-ANTONIO FARIAS LOPES NETO.zip was received. It was sent by ANTONIO FARIAS LOPES NETO from IP 192.168.0.8 at 12-02-2026 20*45*49</message>
</record>
</log>
<?xml version="1.0" encoding="UTF-8" standalone="no"?>
<!DOCTYPE log SYSTEM "logger.dtd">
<log>
<record>
  <date>2026-02-13T00:17:07.472-0300</date>
  <logger>ANTONIO FARIAS LOPES NETO</logger>
  <level>FINE</level>
  <message>File 124211085-ANTONIO FARIAS LOPES NETO.zip was received. It was sent by ANTONIO FARIAS LOPES NETO from IP 192.168.0.8 at 13-02-2026 00*17*07</message>
</record>
